<?xml version="1.0" encoding="UTF-8"?>
<!-- Generated by org.testng.reporters.JUnitXMLReporter -->
<testsuite hostname="vino" ignored="3" name="Test" tests="1" failures="0" timestamp="2021-10-28T13:16:29 IST" time="0.073" errors="0">
  <testcase name="launchFireFox" time="0.016" classname="com.automation.TestNG.IgnoreClass"/>
  <testcase name="launchChrome" time="0.0" classname="com.automation.TestNG.IgnoreClass">
    <ignored/>
  </testcase> <!-- launchChrome -->
  <testcase name="launchSafari" time="0.0" classname="com.automation.TestNG.IgnoreClass">
    <ignored/>
  </testcase> <!-- launchSafari -->
  <testcase name="launchIE" time="0.0" classname="com.automation.TestNG.IgnoreClass">
    <ignored/>
  </testcase> <!-- launchIE -->
</testsuite> <!-- Test -->
