<?xml version="1.0" encoding="UTF-8"?>
<testng-results skipped="0" failed="0" ignored="0" total="1" passed="1">
  <reporter-output>
  </reporter-output>
  <suite name="Default suite" duration-ms="18921" started-at="2021-10-30T16:10:38 IST" finished-at="2021-10-30T16:10:57 IST">
    <groups>
    </groups>
    <test name="Default test" duration-ms="18921" started-at="2021-10-30T16:10:38 IST" finished-at="2021-10-30T16:10:57 IST">
      <class name="com.automation.TestNG.Adactin">
        <test-method status="PASS" signature="set_up()[pri:0, instance:com.automation.TestNG.Adactin@4bbfb90a]" name="set_up" is-config="true" duration-ms="66" started-at="2021-10-30T16:10:38 IST" finished-at="2021-10-30T16:10:38 IST">
          <reporter-output>
          </reporter-output>
        </test-method> <!-- set_up -->
        <test-method status="PASS" signature="browser_Launch()[pri:0, instance:com.automation.TestNG.Adactin@4bbfb90a]" name="browser_Launch" is-config="true" duration-ms="12040" started-at="2021-10-30T16:10:38 IST" finished-at="2021-10-30T16:10:50 IST">
          <reporter-output>
          </reporter-output>
        </test-method> <!-- browser_Launch -->
        <test-method status="PASS" signature="get_Url()[pri:0, instance:com.automation.TestNG.Adactin@4bbfb90a]" name="get_Url" is-config="true" duration-ms="3610" started-at="2021-10-30T16:10:50 IST" finished-at="2021-10-30T16:10:54 IST">
          <reporter-output>
          </reporter-output>
        </test-method> <!-- get_Url -->
        <test-method status="PASS" signature="login()[pri:0, instance:com.automation.TestNG.Adactin@4bbfb90a]" name="login" is-config="true" duration-ms="1402" started-at="2021-10-30T16:10:54 IST" finished-at="2021-10-30T16:10:55 IST">
          <reporter-output>
          </reporter-output>
        </test-method> <!-- login -->
        <test-method status="PASS" signature="search_hotel()[pri:0, instance:com.automation.TestNG.Adactin@4bbfb90a]" name="search_hotel" duration-ms="1180" started-at="2021-10-30T16:10:55 IST" finished-at="2021-10-30T16:10:56 IST">
          <reporter-output>
          </reporter-output>
        </test-method> <!-- search_hotel -->
        <test-method status="PASS" signature="signout()[pri:0, instance:com.automation.TestNG.Adactin@4bbfb90a]" name="signout" is-config="true" duration-ms="449" started-at="2021-10-30T16:10:56 IST" finished-at="2021-10-30T16:10:57 IST">
          <reporter-output>
          </reporter-output>
        </test-method> <!-- signout -->
        <test-method status="PASS" signature="verfiypage()[pri:0, instance:com.automation.TestNG.Adactin@4bbfb90a]" name="verfiypage" is-config="true" duration-ms="1" started-at="2021-10-30T16:10:57 IST" finished-at="2021-10-30T16:10:57 IST">
          <reporter-output>
          </reporter-output>
        </test-method> <!-- verfiypage -->
        <test-method status="PASS" signature="browser_close()[pri:0, instance:com.automation.TestNG.Adactin@4bbfb90a]" name="browser_close" is-config="true" duration-ms="163" started-at="2021-10-30T16:10:57 IST" finished-at="2021-10-30T16:10:57 IST">
          <reporter-output>
          </reporter-output>
        </test-method> <!-- browser_close -->
        <test-method status="FAIL" signature="delete_cookies()[pri:0, instance:com.automation.TestNG.Adactin@4bbfb90a]" name="delete_cookies" is-config="true" duration-ms="65" started-at="2021-10-30T16:10:57 IST" finished-at="2021-10-30T16:10:57 IST">
          <exception class="org.openqa.selenium.NoSuchSessionException">
            <message>
              <![CDATA[invalid session id
Build info: version: '3.141.59', revision: 'e82be7d358', time: '2018-11-14T08:17:03'
System info: host: 'VINO', ip: '192.168.1.4', os.name: 'Windows 10', os.arch: 'amd64', os.version: '10.0', java.version: '1.8.0_231'
Driver info: org.openqa.selenium.chrome.ChromeDriver
Capabilities {acceptInsecureCerts: false, browserName: chrome, browserVersion: 95.0.4638.54, chrome: {chromedriverVersion: 94.0.4606.61 (418b78f5838ed..., userDataDir: C:\Users\USERPC~1\AppData\L...}, goog:chromeOptions: {debuggerAddress: localhost:64011}, javascriptEnabled: true, networkConnectionEnabled: false, pageLoadStrategy: normal, platform: WINDOWS, platformName: WINDOWS, proxy: Proxy(), setWindowRect: true, strictFileInteractability: false, timeouts: {implicit: 0, pageLoad: 300000, script: 30000}, unhandledPromptBehavior: dismiss and notify, webauthn:extension:credBlob: true, webauthn:extension:largeBlob: true, webauthn:virtualAuthenticators: true}
Session ID: b7c10e998a83cdfc0459624d0a611e1b]]>
            </message>
            <full-stacktrace>
              <![CDATA[org.openqa.selenium.NoSuchSessionException: invalid session id
Build info: version: '3.141.59', revision: 'e82be7d358', time: '2018-11-14T08:17:03'
System info: host: 'VINO', ip: '192.168.1.4', os.name: 'Windows 10', os.arch: 'amd64', os.version: '10.0', java.version: '1.8.0_231'
Driver info: org.openqa.selenium.chrome.ChromeDriver
Capabilities {acceptInsecureCerts: false, browserName: chrome, browserVersion: 95.0.4638.54, chrome: {chromedriverVersion: 94.0.4606.61 (418b78f5838ed..., userDataDir: C:\Users\USERPC~1\AppData\L...}, goog:chromeOptions: {debuggerAddress: localhost:64011}, javascriptEnabled: true, networkConnectionEnabled: false, pageLoadStrategy: normal, platform: WINDOWS, platformName: WINDOWS, proxy: Proxy(), setWindowRect: true, strictFileInteractability: false, timeouts: {implicit: 0, pageLoad: 300000, script: 30000}, unhandledPromptBehavior: dismiss and notify, webauthn:extension:credBlob: true, webauthn:extension:largeBlob: true, webauthn:virtualAuthenticators: true}
Session ID: b7c10e998a83cdfc0459624d0a611e1b
at sun.reflect.NativeConstructorAccessorImpl.newInstance0(Native Method)
at sun.reflect.NativeConstructorAccessorImpl.newInstance(NativeConstructorAccessorImpl.java:62)
at sun.reflect.DelegatingConstructorAccessorImpl.newInstance(DelegatingConstructorAccessorImpl.java:45)
at java.lang.reflect.Constructor.newInstance(Constructor.java:423)
at org.openqa.selenium.remote.http.W3CHttpResponseCodec.createException(W3CHttpResponseCodec.java:187)
at org.openqa.selenium.remote.http.W3CHttpResponseCodec.decode(W3CHttpResponseCodec.java:122)
at org.openqa.selenium.remote.http.W3CHttpResponseCodec.decode(W3CHttpResponseCodec.java:49)
at org.openqa.selenium.remote.HttpCommandExecutor.execute(HttpCommandExecutor.java:158)
at org.openqa.selenium.remote.service.DriverCommandExecutor.execute(DriverCommandExecutor.java:83)
at org.openqa.selenium.remote.RemoteWebDriver.execute(RemoteWebDriver.java:552)
at org.openqa.selenium.remote.RemoteWebDriver.execute(RemoteWebDriver.java:609)
at org.openqa.selenium.remote.RemoteWebDriver$RemoteWebDriverOptions.deleteAllCookies(RemoteWebDriver.java:694)
at com.automation.TestNG.Adactin.delete_cookies(Adactin.java:75)
at sun.reflect.NativeMethodAccessorImpl.invoke0(Native Method)
at sun.reflect.NativeMethodAccessorImpl.invoke(NativeMethodAccessorImpl.java:62)
at sun.reflect.DelegatingMethodAccessorImpl.invoke(DelegatingMethodAccessorImpl.java:43)
at java.lang.reflect.Method.invoke(Method.java:498)
at org.testng.internal.MethodInvocationHelper.invokeMethod(MethodInvocationHelper.java:135)
at org.testng.internal.MethodInvocationHelper.invokeMethodConsideringTimeout(MethodInvocationHelper.java:64)
at org.testng.internal.ConfigInvoker.invokeConfigurationMethod(ConfigInvoker.java:364)
at org.testng.internal.ConfigInvoker.invokeConfigurations(ConfigInvoker.java:318)
at org.testng.SuiteRunner.privateRun(SuiteRunner.java:351)
at org.testng.SuiteRunner.run(SuiteRunner.java:286)
at org.testng.SuiteRunnerWorker.runSuite(SuiteRunnerWorker.java:53)
at org.testng.SuiteRunnerWorker.run(SuiteRunnerWorker.java:96)
at org.testng.TestNG.runSuitesSequentially(TestNG.java:1214)
at org.testng.TestNG.runSuitesLocally(TestNG.java:1136)
at org.testng.TestNG.runSuites(TestNG.java:1066)
at org.testng.TestNG.run(TestNG.java:1034)
at org.testng.remote.AbstractRemoteTestNG.run(AbstractRemoteTestNG.java:115)
at org.testng.remote.RemoteTestNG.initAndRun(RemoteTestNG.java:251)
at org.testng.remote.RemoteTestNG.main(RemoteTestNG.java:77)
]]>
            </full-stacktrace>
          </exception> <!-- org.openqa.selenium.NoSuchSessionException -->
          <reporter-output>
          </reporter-output>
        </test-method> <!-- delete_cookies -->
      </class> <!-- com.automation.TestNG.Adactin -->
    </test> <!-- Default test -->
  </suite> <!-- Default suite -->
</testng-results>
